2020-01-09 11:58:45.600  INFO 8842 --- [restartedMain] .s.d.r.c.RepositoryConfigurationDelegate : Multiple Spring Data modules found, entering strict repository configuration mode!
2020-01-09 11:58:46.445  INFO 8842 --- [restartedMain] .s.d.r.c.RepositoryConfigurationDelegate : Bootstrapping Spring Data repositories in DEFAULT mode.
2020-01-09 11:58:46.907  INFO 8842 --- [restartedMain] .s.d.r.c.RepositoryConfigurationDelegate : Finished Spring Data repository scanning in 453ms. Found 1 repository interfaces.
2020-01-09 11:58:47.142  INFO 8842 --- [restartedMain] .s.d.r.c.RepositoryConfigurationDelegate : Multiple Spring Data modules found, entering strict repository configuration mode!
2020-01-09 11:58:47.162  INFO 8842 --- [restartedMain] .s.d.r.c.RepositoryConfigurationDelegate : Bootstrapping Spring Data repositories in DEFAULT mode.
2020-01-09 11:58:47.326  INFO 8842 --- [restartedMain] .RepositoryConfigurationExtensionSupport : Spring Data Redis - Could not safely identify store assignment for repository candidate interface com.bridgelabz.fundoo.user.repository.UserRepository.
2020-01-09 11:58:47.327  INFO 8842 --- [restartedMain] .s.d.r.c.RepositoryConfigurationDelegate : Finished Spring Data repository scanning in 23ms. Found 0 repository interfaces.
2020-01-09 11:58:49.039  INFO 8842 --- [restartedMain] o.s.cloud.context.scope.GenericScope     : BeanFactory id=dfb6202f-2b06-3c70-8e7f-0794d7c7bacc
2020-01-09 11:58:49.960  INFO 8842 --- [restartedMain] trationDelegate$BeanPostProcessorChecker : Bean 'org.springframework.transaction.annotation.ProxyTransactionManagementConfiguration' of type [org.springframework.transaction.annotation.ProxyTransactionManagementConfiguration] is not eligible for getting processed by all BeanPostProcessors (for example: not eligible for auto-proxying)
2020-01-09 11:58:50.807  INFO 8842 --- [restartedMain] trationDelegate$BeanPostProcessorChecker : Bean 'org.springframework.cloud.autoconfigure.ConfigurationPropertiesRebinderAutoConfiguration' of type [org.springframework.cloud.autoconfigure.ConfigurationPropertiesRebinderAutoConfiguration] is not eligible for getting processed by all BeanPostProcessors (for example: not eligible for auto-proxying)
2020-01-09 11:58:59.549  INFO 8842 --- [restartedMain] o.s.b.w.embedded.tomcat.TomcatWebServer  : Tomcat initialized with port(s): 8081 (http)
2020-01-09 11:58:59.738  INFO 8842 --- [restartedMain] o.apache.catalina.core.StandardService   : Starting service [Tomcat]
2020-01-09 11:58:59.739  INFO 8842 --- [restartedMain] org.apache.catalina.core.StandardEngine  : Starting Servlet engine: [Apache Tomcat/9.0.27]
2020-01-09 11:59:00.204  INFO 8842 --- [restartedMain] o.a.c.c.C.[Tomcat].[localhost].[/]       : Initializing Spring embedded WebApplicationContext
2020-01-09 11:59:00.204  INFO 8842 --- [restartedMain] o.s.web.context.ContextLoader            : Root WebApplicationContext: initialization completed in 35984 ms
2020-01-09 11:59:03.442  INFO 8842 --- [restartedMain] o.hibernate.jpa.internal.util.LogHelper  : HHH000204: Processing PersistenceUnitInfo [name: default]
2020-01-09 11:59:07.185  INFO 8842 --- [restartedMain] org.hibernate.Version                    : HHH000412: Hibernate Core {5.4.6.Final}
2020-01-09 11:59:10.554  INFO 8842 --- [restartedMain] o.hibernate.annotations.common.Version   : HCANN000001: Hibernate Commons Annotations {5.1.0.Final}
2020-01-09 11:59:11.066  INFO 8842 --- [restartedMain] com.zaxxer.hikari.HikariDataSource       : HikariPool-1 - Starting...
2020-01-09 11:59:15.048  INFO 8842 --- [restartedMain] com.zaxxer.hikari.HikariDataSource       : HikariPool-1 - Start completed.
2020-01-09 11:59:15.240  INFO 8842 --- [restartedMain] org.hibernate.dialect.Dialect            : HHH000400: Using dialect: org.hibernate.dialect.MySQL5InnoDBDialect
2020-01-09 11:59:44.763  INFO 8842 --- [restartedMain] o.h.e.t.j.p.i.JtaPlatformInitiator       : HHH000490: Using JtaPlatform implementation: [org.hibernate.engine.transaction.jta.platform.internal.NoJtaPlatform]
2020-01-09 11:59:44.986  INFO 8842 --- [restartedMain] j.LocalContainerEntityManagerFactoryBean : Initialized JPA EntityManagerFactory for persistence unit 'default'
2020-01-09 11:59:45.595  INFO 8842 --- [restartedMain] o.s.b.d.a.OptionalLiveReloadServer       : LiveReload server is running on port 35729
2020-01-09 11:59:54.931  WARN 8842 --- [restartedMain] JpaBaseConfiguration$JpaWebConfiguration : spring.jpa.open-in-view is enabled by default. Therefore, database queries may be performed during view rendering. Explicitly configure spring.jpa.open-in-view to disable this warning
2020-01-09 11:59:55.780  WARN 8842 --- [restartedMain] c.n.c.sources.URLConfigurationSource     : No URLs will be polled as dynamic configuration sources.
2020-01-09 11:59:55.780  INFO 8842 --- [restartedMain] c.n.c.sources.URLConfigurationSource     : To enable URLs as dynamic configuration sources, define System property archaius.configurationSource.additionalUrls or make config.properties available on classpath.
2020-01-09 11:59:55.791  WARN 8842 --- [restartedMain] c.n.c.sources.URLConfigurationSource     : No URLs will be polled as dynamic configuration sources.
2020-01-09 11:59:55.791  INFO 8842 --- [restartedMain] c.n.c.sources.URLConfigurationSource     : To enable URLs as dynamic configuration sources, define System property archaius.configurationSource.additionalUrls or make config.properties available on classpath.
2020-01-09 11:59:56.498  INFO 8842 --- [restartedMain] o.s.s.concurrent.ThreadPoolTaskExecutor  : Initializing ExecutorService 'applicationTaskExecutor'
2020-01-09 11:59:58.987  INFO 8842 --- [restartedMain] o.s.cloud.commons.util.InetUtils         : Cannot determine local hostname
2020-01-09 12:00:00.125  INFO 8842 --- [restartedMain] o.s.cloud.commons.util.InetUtils         : Cannot determine local hostname
2020-01-09 12:00:01.529  INFO 8842 --- [restartedMain] o.s.cloud.commons.util.InetUtils         : Cannot determine local hostname
2020-01-09 12:00:01.663  WARN 8842 --- [restartedMain] ockingLoadBalancerClientRibbonWarnLogger : You already have RibbonLoadBalancerClient on your classpath. It will be used by default. As Spring Cloud Ribbon is in maintenance mode. We recommend switching to BlockingLoadBalancerClient instead. In order to use it, set the value of `spring.cloud.loadbalancer.ribbon.enabled` to `false` or remove spring-cloud-starter-netflix-ribbon from your project.
2020-01-09 12:00:01.711  WARN 8842 --- [restartedMain] iguration$LoadBalancerCaffeineWarnLogger : Spring Cloud LoadBalancer is currently working with default default cache. You can switch to using Caffeine cache, by adding it to the classpath.
2020-01-09 12:00:01.951  INFO 8842 --- [restartedMain] o.s.c.n.eureka.InstanceInfoFactory       : Setting initial instance status as: STARTING
2020-01-09 12:00:02.031  INFO 8842 --- [restartedMain] com.netflix.discovery.DiscoveryClient    : Initializing Eureka in region us-east-1
2020-01-09 12:00:07.202  INFO 8842 --- [restartedMain] c.n.d.provider.DiscoveryJerseyProvider   : Using JSON encoding codec LegacyJacksonJson
2020-01-09 12:00:07.775  INFO 8842 --- [restartedMain] c.n.d.provider.DiscoveryJerseyProvider   : Using JSON decoding codec LegacyJacksonJson
2020-01-09 12:00:11.149  INFO 8842 --- [restartedMain] c.n.d.provider.DiscoveryJerseyProvider   : Using XML encoding codec XStreamXml
2020-01-09 12:00:11.149  INFO 8842 --- [restartedMain] c.n.d.provider.DiscoveryJerseyProvider   : Using XML decoding codec XStreamXml
2020-01-09 12:00:11.914  INFO 8842 --- [restartedMain] c.n.d.s.r.aws.ConfigClusterResolver      : Resolving eureka endpoints via configuration
2020-01-09 12:00:11.980  INFO 8842 --- [restartedMain] com.netflix.discovery.DiscoveryClient    : Disable delta property : false
2020-01-09 12:00:11.980  INFO 8842 --- [restartedMain] com.netflix.discovery.DiscoveryClient    : Single vip registry refresh property : null
2020-01-09 12:00:11.980  INFO 8842 --- [restartedMain] com.netflix.discovery.DiscoveryClient    : Force full registry fetch : false
2020-01-09 12:00:11.980  INFO 8842 --- [restartedMain] com.netflix.discovery.DiscoveryClient    : Application is null : false
2020-01-09 12:00:11.981  INFO 8842 --- [restartedMain] com.netflix.discovery.DiscoveryClient    : Registered Applications size is zero : true
2020-01-09 12:00:11.981  INFO 8842 --- [restartedMain] com.netflix.discovery.DiscoveryClient    : Application version is -1: true
2020-01-09 12:00:11.981  INFO 8842 --- [restartedMain] com.netflix.discovery.DiscoveryClient    : Getting all instance registry info from the eureka server
2020-01-09 12:00:12.222  INFO 8842 --- [restartedMain] com.netflix.discovery.DiscoveryClient    : The response status is 200
2020-01-09 12:00:12.223  INFO 8842 --- [restartedMain] com.netflix.discovery.DiscoveryClient    : Starting heartbeat executor: renew interval is: 30
2020-01-09 12:00:12.225  INFO 8842 --- [restartedMain] c.n.discovery.InstanceInfoReplicator     : InstanceInfoReplicator onDemand update allowed rate per min is 4
2020-01-09 12:00:12.227  INFO 8842 --- [restartedMain] com.netflix.discovery.DiscoveryClient    : Discovery Client initialized at timestamp 1578551412227 with initial instances count: 0
2020-01-09 12:00:12.231  INFO 8842 --- [restartedMain] o.s.c.n.e.s.EurekaServiceRegistry        : Registering application USER-SERVICE with eureka with status UP
2020-01-09 12:00:12.231  INFO 8842 --- [restartedMain] com.netflix.discovery.DiscoveryClient    : Saw local status change event StatusChangeEvent [timestamp=1578551412231, current=UP, previous=STARTING]
2020-01-09 12:00:12.233  INFO 8842 --- [DiscoveryClient-InstanceInfoReplicator-0] com.netflix.discovery.DiscoveryClient    : DiscoveryClient_USER-SERVICE/localhost:user-service:8081: registering service...
2020-01-09 12:00:12.233  INFO 8842 --- [restartedMain] d.s.w.p.DocumentationPluginsBootstrapper : Context refreshed
2020-01-09 12:00:12.241  INFO 8842 --- [restartedMain] d.s.w.p.DocumentationPluginsBootstrapper : Found 1 custom documentation plugin(s)
2020-01-09 12:00:12.298  INFO 8842 --- [restartedMain] s.d.s.w.s.ApiListingReferenceScanner     : Scanning for api listing references
2020-01-09 12:00:12.500  INFO 8842 --- [DiscoveryClient-InstanceInfoReplicator-0] com.netflix.discovery.DiscoveryClient    : DiscoveryClient_USER-SERVICE/localhost:user-service:8081 - registration status: 204
2020-01-09 12:00:12.669  INFO 8842 --- [restartedMain] o.s.a.r.c.CachingConnectionFactory       : Attempting to connect to: localhost:5672
2020-01-09 12:00:16.142  INFO 8842 --- [restartedMain] o.s.a.r.c.CachingConnectionFactory       : Created new connection: connectionFactory#3405fec4:0/SimpleConnection@5aaf0043 [delegate=amqp://admin@127.0.0.1:5672/, localPort= 37446]
2020-01-09 12:00:16.186  INFO 8842 --- [restartedMain] o.s.amqp.rabbit.core.RabbitAdmin         : Auto-declaring a non-durable, auto-delete, or exclusive Queue (user_service) durable:false, auto-delete:false, exclusive:false. It will be redeclared if the broker stops and is restarted while the connection factory is alive, but all messages will be lost.
2020-01-09 12:00:17.930  INFO 8842 --- [restartedMain] o.s.b.w.embedded.tomcat.TomcatWebServer  : Tomcat started on port(s): 8081 (http) with context path ''
2020-01-09 12:00:17.932  INFO 8842 --- [restartedMain] .s.c.n.e.s.EurekaAutoServiceRegistration : Updating port to 8081
2020-01-09 12:00:18.933  INFO 8842 --- [restartedMain] o.s.cloud.commons.util.InetUtils         : Cannot determine local hostname
2020-01-09 12:00:42.224  INFO 8842 --- [DiscoveryClient-CacheRefreshExecutor-0] com.netflix.discovery.DiscoveryClient    : Disable delta property : false
2020-01-09 12:00:42.224  INFO 8842 --- [DiscoveryClient-CacheRefreshExecutor-0] com.netflix.discovery.DiscoveryClient    : Single vip registry refresh property : null
2020-01-09 12:00:42.224  INFO 8842 --- [DiscoveryClient-CacheRefreshExecutor-0] com.netflix.discovery.DiscoveryClient    : Force full registry fetch : false
2020-01-09 12:00:42.224  INFO 8842 --- [DiscoveryClient-CacheRefreshExecutor-0] com.netflix.discovery.DiscoveryClient    : Application is null : false
2020-01-09 12:00:42.224  INFO 8842 --- [DiscoveryClient-CacheRefreshExecutor-0] com.netflix.discovery.DiscoveryClient    : Registered Applications size is zero : true
2020-01-09 12:00:42.224  INFO 8842 --- [DiscoveryClient-CacheRefreshExecutor-0] com.netflix.discovery.DiscoveryClient    : Application version is -1: false
2020-01-09 12:00:42.224  INFO 8842 --- [DiscoveryClient-CacheRefreshExecutor-0] com.netflix.discovery.DiscoveryClient    : Getting all instance registry info from the eureka server
2020-01-09 12:00:42.518  INFO 8842 --- [DiscoveryClient-CacheRefreshExecutor-0] com.netflix.discovery.DiscoveryClient    : The response status is 200
2020-01-09 12:05:12.029  INFO 8842 --- [AsyncResolver-bootstrap-executor-0] c.n.d.s.r.aws.ConfigClusterResolver      : Resolving eureka endpoints via configuration
2020-01-09 12:10:12.077  INFO 8842 --- [AsyncResolver-bootstrap-executor-0] c.n.d.s.r.aws.ConfigClusterResolver      : Resolving eureka endpoints via configuration
2020-01-09 12:10:23.188  INFO 8842 --- [RMI TCP Connection(15)-127.0.0.1] inMXBeanRegistrar$SpringApplicationAdmin : Application shutdown requested.
2020-01-09 12:10:23.190  INFO 8842 --- [RMI TCP Connection(15)-127.0.0.1] o.s.c.n.e.s.EurekaServiceRegistry        : Unregistering application USER-SERVICE with eureka with status DOWN
2020-01-09 12:10:23.190  WARN 8842 --- [RMI TCP Connection(15)-127.0.0.1] com.netflix.discovery.DiscoveryClient    : Saw local status change event StatusChangeEvent [timestamp=1578552023190, current=DOWN, previous=UP]
2020-01-09 12:10:23.192  INFO 8842 --- [DiscoveryClient-InstanceInfoReplicator-0] com.netflix.discovery.DiscoveryClient    : DiscoveryClient_USER-SERVICE/localhost:user-service:8081: registering service...
2020-01-09 12:10:23.198  INFO 8842 --- [DiscoveryClient-InstanceInfoReplicator-0] com.netflix.discovery.DiscoveryClient    : DiscoveryClient_USER-SERVICE/localhost:user-service:8081 - registration status: 204
2020-01-09 12:10:23.327  INFO 8842 --- [RMI TCP Connection(15)-127.0.0.1] o.s.a.r.l.SimpleMessageListenerContainer : Waiting for workers to finish.
2020-01-09 12:10:24.074  INFO 8842 --- [RMI TCP Connection(15)-127.0.0.1] o.s.a.r.l.SimpleMessageListenerContainer : Successfully waited for workers to finish.
2020-01-09 12:10:24.090  INFO 8842 --- [RMI TCP Connection(15)-127.0.0.1] o.s.s.concurrent.ThreadPoolTaskExecutor  : Shutting down ExecutorService 'applicationTaskExecutor'
2020-01-09 12:10:24.091  INFO 8842 --- [RMI TCP Connection(15)-127.0.0.1] o.s.a.r.l.SimpleMessageListenerContainer : Shutdown ignored - container is not active already
2020-01-09 12:10:24.134  INFO 8842 --- [RMI TCP Connection(15)-127.0.0.1] j.LocalContainerEntityManagerFactoryBean : Closing JPA EntityManagerFactory for persistence unit 'default'
2020-01-09 12:10:24.151  INFO 8842 --- [RMI TCP Connection(15)-127.0.0.1] com.netflix.discovery.DiscoveryClient    : Shutting down DiscoveryClient ...
2020-01-09 12:10:27.154  INFO 8842 --- [RMI TCP Connection(15)-127.0.0.1] com.netflix.discovery.DiscoveryClient    : Unregistering ...
2020-01-09 12:10:27.159  INFO 8842 --- [RMI TCP Connection(15)-127.0.0.1] com.netflix.discovery.DiscoveryClient    : DiscoveryClient_USER-SERVICE/localhost:user-service:8081 - deregister  status: 200
2020-01-09 12:10:27.169  INFO 8842 --- [RMI TCP Connection(15)-127.0.0.1] com.netflix.discovery.DiscoveryClient    : Completed shut down of DiscoveryClient
2020-01-09 12:10:27.169  INFO 8842 --- [RMI TCP Connection(15)-127.0.0.1] com.zaxxer.hikari.HikariDataSource       : HikariPool-1 - Shutdown initiated...
2020-01-09 12:10:27.176  INFO 8842 --- [RMI TCP Connection(15)-127.0.0.1] com.zaxxer.hikari.HikariDataSource       : HikariPool-1 - Shutdown completed.
2020-01-09 12:10:27.184  INFO 8842 --- [RMI TCP Connection(15)-127.0.0.1] o.apache.catalina.core.StandardService   : Stopping service [Tomcat]
