2020-01-09 11:58:23.333  INFO 8862 --- [restartedMain] c.b.note.NoteServiceApplication          : No active profile set, falling back to default profiles: default
2020-01-09 11:58:45.600  INFO 8862 --- [restartedMain] .s.d.r.c.RepositoryConfigurationDelegate : Multiple Spring Data modules found, entering strict repository configuration mode!
2020-01-09 11:58:45.601  INFO 8862 --- [restartedMain] .s.d.r.c.RepositoryConfigurationDelegate : Bootstrapping Spring Data repositories in DEFAULT mode.
2020-01-09 11:58:46.908  INFO 8862 --- [restartedMain] .s.d.r.c.RepositoryConfigurationDelegate : Finished Spring Data repository scanning in 1151ms. Found 3 repository interfaces.
2020-01-09 11:58:47.142  INFO 8862 --- [restartedMain] .s.d.r.c.RepositoryConfigurationDelegate : Multiple Spring Data modules found, entering strict repository configuration mode!
2020-01-09 11:58:47.162  INFO 8862 --- [restartedMain] .s.d.r.c.RepositoryConfigurationDelegate : Bootstrapping Spring Data repositories in DEFAULT mode.
2020-01-09 11:58:47.326  INFO 8862 --- [restartedMain] .RepositoryConfigurationExtensionSupport : Spring Data Redis - Could not safely identify store assignment for repository candidate interface com.bridgelabz.note.repository.ICollaboratorRepository.
2020-01-09 11:58:47.327  INFO 8862 --- [restartedMain] .RepositoryConfigurationExtensionSupport : Spring Data Redis - Could not safely identify store assignment for repository candidate interface com.bridgelabz.note.repository.ILabelRespository.
2020-01-09 11:58:47.328  INFO 8862 --- [restartedMain] .RepositoryConfigurationExtensionSupport : Spring Data Redis - Could not safely identify store assignment for repository candidate interface com.bridgelabz.note.repository.INoteRepository.
2020-01-09 11:58:47.328  INFO 8862 --- [restartedMain] .s.d.r.c.RepositoryConfigurationDelegate : Finished Spring Data repository scanning in 24ms. Found 0 repository interfaces.
2020-01-09 11:58:49.040  INFO 8862 --- [restartedMain] o.s.cloud.context.scope.GenericScope     : BeanFactory id=e9fe96c5-9404-348e-9999-d6208c395049
2020-01-09 11:58:49.960  INFO 8862 --- [restartedMain] trationDelegate$BeanPostProcessorChecker : Bean 'org.springframework.transaction.annotation.ProxyTransactionManagementConfiguration' of type [org.springframework.transaction.annotation.ProxyTransactionManagementConfiguration] is not eligible for getting processed by all BeanPostProcessors (for example: not eligible for auto-proxying)
2020-01-09 11:58:51.821  INFO 8862 --- [restartedMain] trationDelegate$BeanPostProcessorChecker : Bean 'org.springframework.cloud.autoconfigure.ConfigurationPropertiesRebinderAutoConfiguration' of type [org.springframework.cloud.autoconfigure.ConfigurationPropertiesRebinderAutoConfiguration] is not eligible for getting processed by all BeanPostProcessors (for example: not eligible for auto-proxying)
2020-01-09 11:58:51.824  INFO 8862 --- [restartedMain] trationDelegate$BeanPostProcessorChecker : Bean 'org.springframework.cloud.client.loadbalancer.reactive.LoadBalancerBeanPostProcessorAutoConfiguration' of type [org.springframework.cloud.client.loadbalancer.reactive.LoadBalancerBeanPostProcessorAutoConfiguration] is not eligible for getting processed by all BeanPostProcessors (for example: not eligible for auto-proxying)
2020-01-09 11:58:51.826  INFO 8862 --- [restartedMain] trationDelegate$BeanPostProcessorChecker : Bean 'org.springframework.cloud.client.loadbalancer.reactive.LoadBalancerBeanPostProcessorAutoConfiguration$ReactiveLoadBalancerConfig' of type [org.springframework.cloud.client.loadbalancer.reactive.LoadBalancerBeanPostProcessorAutoConfiguration$ReactiveLoadBalancerConfig] is not eligible for getting processed by all BeanPostProcessors (for example: not eligible for auto-proxying)
2020-01-09 11:58:51.867  INFO 8862 --- [restartedMain] trationDelegate$BeanPostProcessorChecker : Bean 'deferringLoadBalancerExchangeFilterFunction' of type [org.springframework.cloud.client.loadbalancer.reactive.DeferringLoadBalancerExchangeFilterFunction] is not eligible for getting processed by all BeanPostProcessors (for example: not eligible for auto-proxying)
2020-01-09 11:58:59.549  INFO 8862 --- [restartedMain] o.s.b.w.embedded.tomcat.TomcatWebServer  : Tomcat initialized with port(s): 8082 (http)
2020-01-09 11:58:59.738  INFO 8862 --- [restartedMain] o.apache.catalina.core.StandardService   : Starting service [Tomcat]
2020-01-09 11:58:59.739  INFO 8862 --- [restartedMain] org.apache.catalina.core.StandardEngine  : Starting Servlet engine: [Apache Tomcat/9.0.27]
2020-01-09 11:59:00.733  INFO 8862 --- [restartedMain] o.a.c.c.C.[Tomcat].[localhost].[/]       : Initializing Spring embedded WebApplicationContext
2020-01-09 11:59:00.734  INFO 8862 --- [restartedMain] o.s.web.context.ContextLoader            : Root WebApplicationContext: initialization completed in 36160 ms
2020-01-09 11:59:03.442  INFO 8862 --- [restartedMain] o.hibernate.jpa.internal.util.LogHelper  : HHH000204: Processing PersistenceUnitInfo [name: default]
2020-01-09 11:59:07.186  INFO 8862 --- [restartedMain] org.hibernate.Version                    : HHH000412: Hibernate Core {5.4.6.Final}
2020-01-09 11:59:10.554  INFO 8862 --- [restartedMain] o.hibernate.annotations.common.Version   : HCANN000001: Hibernate Commons Annotations {5.1.0.Final}
2020-01-09 11:59:11.066  INFO 8862 --- [restartedMain] com.zaxxer.hikari.HikariDataSource       : HikariPool-1 - Starting...
2020-01-09 11:59:15.048  INFO 8862 --- [restartedMain] com.zaxxer.hikari.HikariDataSource       : HikariPool-1 - Start completed.
2020-01-09 11:59:15.242  INFO 8862 --- [restartedMain] org.hibernate.dialect.Dialect            : HHH000400: Using dialect: org.hibernate.dialect.MySQL5InnoDBDialect
2020-01-09 12:00:00.908  INFO 8862 --- [restartedMain] o.h.e.t.j.p.i.JtaPlatformInitiator       : HHH000490: Using JtaPlatform implementation: [org.hibernate.engine.transaction.jta.platform.internal.NoJtaPlatform]
2020-01-09 12:00:00.912  INFO 8862 --- [restartedMain] j.LocalContainerEntityManagerFactoryBean : Initialized JPA EntityManagerFactory for persistence unit 'default'
2020-01-09 12:00:00.973  WARN 8862 --- [restartedMain] o.s.b.d.a.OptionalLiveReloadServer       : Unable to start LiveReload server
2020-01-09 12:00:12.960  WARN 8862 --- [restartedMain] JpaBaseConfiguration$JpaWebConfiguration : spring.jpa.open-in-view is enabled by default. Therefore, database queries may be performed during view rendering. Explicitly configure spring.jpa.open-in-view to disable this warning
2020-01-09 12:00:13.084  WARN 8862 --- [restartedMain] c.n.c.sources.URLConfigurationSource     : No URLs will be polled as dynamic configuration sources.
2020-01-09 12:00:13.084  INFO 8862 --- [restartedMain] c.n.c.sources.URLConfigurationSource     : To enable URLs as dynamic configuration sources, define System property archaius.configurationSource.additionalUrls or make config.properties available on classpath.
2020-01-09 12:00:13.087  WARN 8862 --- [restartedMain] c.n.c.sources.URLConfigurationSource     : No URLs will be polled as dynamic configuration sources.
2020-01-09 12:00:13.087  INFO 8862 --- [restartedMain] c.n.c.sources.URLConfigurationSource     : To enable URLs as dynamic configuration sources, define System property archaius.configurationSource.additionalUrls or make config.properties available on classpath.
2020-01-09 12:00:13.151  INFO 8862 --- [restartedMain] o.s.s.concurrent.ThreadPoolTaskExecutor  : Initializing ExecutorService 'applicationTaskExecutor'
2020-01-09 12:00:16.847  INFO 8862 --- [restartedMain] o.s.cloud.commons.util.InetUtils         : Cannot determine local hostname
2020-01-09 12:00:17.871  INFO 8862 --- [restartedMain] o.s.cloud.commons.util.InetUtils         : Cannot determine local hostname
2020-01-09 12:00:18.902  INFO 8862 --- [restartedMain] o.s.cloud.commons.util.InetUtils         : Cannot determine local hostname
2020-01-09 12:00:19.909  INFO 8862 --- [restartedMain] o.s.cloud.commons.util.InetUtils         : Cannot determine local hostname
2020-01-09 12:00:19.932  WARN 8862 --- [restartedMain] ockingLoadBalancerClientRibbonWarnLogger : You already have RibbonLoadBalancerClient on your classpath. It will be used by default. As Spring Cloud Ribbon is in maintenance mode. We recommend switching to BlockingLoadBalancerClient instead. In order to use it, set the value of `spring.cloud.loadbalancer.ribbon.enabled` to `false` or remove spring-cloud-starter-netflix-ribbon from your project.
2020-01-09 12:00:19.943  WARN 8862 --- [restartedMain] eactorLoadBalancerClientRibbonWarnLogger : You have RibbonLoadBalancerClient on your classpath. LoadBalancerExchangeFilterFunction that uses it under the hood will be used by default. Spring Cloud Ribbon is now in maintenance mode, so we suggest switching to ReactorLoadBalancerExchangeFilterFunction instead. In order to use it, set the value of `spring.cloud.loadbalancer.ribbon.enabled` to `false` or remove spring-cloud-starter-netflix-ribbon from your project.
2020-01-09 12:00:19.961  WARN 8862 --- [restartedMain] iguration$LoadBalancerCaffeineWarnLogger : Spring Cloud LoadBalancer is currently working with default default cache. You can switch to using Caffeine cache, by adding it to the classpath.
2020-01-09 12:00:20.023  INFO 8862 --- [restartedMain] o.s.c.n.eureka.InstanceInfoFactory       : Setting initial instance status as: STARTING
2020-01-09 12:00:20.061  INFO 8862 --- [restartedMain] com.netflix.discovery.DiscoveryClient    : Initializing Eureka in region us-east-1
2020-01-09 12:00:20.097  INFO 8862 --- [restartedMain] c.n.d.provider.DiscoveryJerseyProvider   : Using JSON encoding codec LegacyJacksonJson
2020-01-09 12:00:20.098  INFO 8862 --- [restartedMain] c.n.d.provider.DiscoveryJerseyProvider   : Using JSON decoding codec LegacyJacksonJson
2020-01-09 12:00:20.203  INFO 8862 --- [restartedMain] c.n.d.provider.DiscoveryJerseyProvider   : Using XML encoding codec XStreamXml
2020-01-09 12:00:20.204  INFO 8862 --- [restartedMain] c.n.d.provider.DiscoveryJerseyProvider   : Using XML decoding codec XStreamXml
2020-01-09 12:00:20.321  INFO 8862 --- [restartedMain] c.n.d.s.r.aws.ConfigClusterResolver      : Resolving eureka endpoints via configuration
2020-01-09 12:00:20.332  INFO 8862 --- [restartedMain] com.netflix.discovery.DiscoveryClient    : Disable delta property : false
2020-01-09 12:00:20.333  INFO 8862 --- [restartedMain] com.netflix.discovery.DiscoveryClient    : Single vip registry refresh property : null
2020-01-09 12:00:20.333  INFO 8862 --- [restartedMain] com.netflix.discovery.DiscoveryClient    : Force full registry fetch : false
2020-01-09 12:00:20.333  INFO 8862 --- [restartedMain] com.netflix.discovery.DiscoveryClient    : Application is null : false
2020-01-09 12:00:20.333  INFO 8862 --- [restartedMain] com.netflix.discovery.DiscoveryClient    : Registered Applications size is zero : true
2020-01-09 12:00:20.333  INFO 8862 --- [restartedMain] com.netflix.discovery.DiscoveryClient    : Application version is -1: true
2020-01-09 12:00:20.333  INFO 8862 --- [restartedMain] com.netflix.discovery.DiscoveryClient    : Getting all instance registry info from the eureka server
2020-01-09 12:00:20.388  INFO 8862 --- [restartedMain] com.netflix.discovery.DiscoveryClient    : The response status is 200
2020-01-09 12:00:20.389  INFO 8862 --- [restartedMain] com.netflix.discovery.DiscoveryClient    : Starting heartbeat executor: renew interval is: 30
2020-01-09 12:00:20.390  INFO 8862 --- [restartedMain] c.n.discovery.InstanceInfoReplicator     : InstanceInfoReplicator onDemand update allowed rate per min is 4
2020-01-09 12:00:20.393  INFO 8862 --- [restartedMain] com.netflix.discovery.DiscoveryClient    : Discovery Client initialized at timestamp 1578551420392 with initial instances count: 0
2020-01-09 12:00:20.397  INFO 8862 --- [restartedMain] o.s.c.n.e.s.EurekaServiceRegistry        : Registering application NOTE-SERVICE with eureka with status UP
2020-01-09 12:00:20.398  INFO 8862 --- [restartedMain] com.netflix.discovery.DiscoveryClient    : Saw local status change event StatusChangeEvent [timestamp=1578551420398, current=UP, previous=STARTING]
2020-01-09 12:00:20.399  INFO 8862 --- [DiscoveryClient-InstanceInfoReplicator-0] com.netflix.discovery.DiscoveryClient    : DiscoveryClient_NOTE-SERVICE/localhost:note-service:8082: registering service...
2020-01-09 12:00:20.400  INFO 8862 --- [restartedMain] d.s.w.p.DocumentationPluginsBootstrapper : Context refreshed
2020-01-09 12:00:20.408  INFO 8862 --- [restartedMain] d.s.w.p.DocumentationPluginsBootstrapper : Found 1 custom documentation plugin(s)
2020-01-09 12:00:20.417  INFO 8862 --- [restartedMain] s.d.s.w.s.ApiListingReferenceScanner     : Scanning for api listing references
2020-01-09 12:00:20.437  INFO 8862 --- [DiscoveryClient-InstanceInfoReplicator-0] com.netflix.discovery.DiscoveryClient    : DiscoveryClient_NOTE-SERVICE/localhost:note-service:8082 - registration status: 204
2020-01-09 12:00:20.613  INFO 8862 --- [restartedMain] .d.s.w.r.o.CachingOperationNameGenerator : Generating unique operation named: addUsingPOST_1
2020-01-09 12:00:20.659  INFO 8862 --- [restartedMain] .d.s.w.r.o.CachingOperationNameGenerator : Generating unique operation named: deleteUsingDELETE_1
2020-01-09 12:00:20.686  INFO 8862 --- [restartedMain] .d.s.w.r.o.CachingOperationNameGenerator : Generating unique operation named: getUsingPUT_1
2020-01-09 12:00:20.715  INFO 8862 --- [restartedMain] .d.s.w.r.o.CachingOperationNameGenerator : Generating unique operation named: getCollabProfileUsingGET_1
2020-01-09 12:00:20.752  INFO 8862 --- [restartedMain] .d.s.w.r.o.CachingOperationNameGenerator : Generating unique operation named: updateUsingPUT_1
2020-01-09 12:00:20.792  INFO 8862 --- [restartedMain] o.s.b.w.embedded.tomcat.TomcatWebServer  : Tomcat started on port(s): 8082 (http) with context path ''
2020-01-09 12:00:20.793  INFO 8862 --- [restartedMain] .s.c.n.e.s.EurekaAutoServiceRegistration : Updating port to 8082
2020-01-09 12:00:21.794  INFO 8862 --- [restartedMain] o.s.cloud.commons.util.InetUtils         : Cannot determine local hostname
2020-01-09 12:00:22.796  INFO 8862 --- [restartedMain] o.s.cloud.commons.util.InetUtils         : Cannot determine local hostname
2020-01-09 12:00:22.801  INFO 8862 --- [restartedMain] c.b.note.NoteServiceApplication          : Started NoteServiceApplication in 132.024 seconds (JVM running for 139.246)
2020-01-09 12:00:50.389  INFO 8862 --- [DiscoveryClient-CacheRefreshExecutor-0] com.netflix.discovery.DiscoveryClient    : Disable delta property : false
2020-01-09 12:00:50.390  INFO 8862 --- [DiscoveryClient-CacheRefreshExecutor-0] com.netflix.discovery.DiscoveryClient    : Single vip registry refresh property : null
2020-01-09 12:00:50.390  INFO 8862 --- [DiscoveryClient-CacheRefreshExecutor-0] com.netflix.discovery.DiscoveryClient    : Force full registry fetch : false
2020-01-09 12:00:50.390  INFO 8862 --- [DiscoveryClient-CacheRefreshExecutor-0] com.netflix.discovery.DiscoveryClient    : Application is null : false
2020-01-09 12:00:50.390  INFO 8862 --- [DiscoveryClient-CacheRefreshExecutor-0] com.netflix.discovery.DiscoveryClient    : Registered Applications size is zero : true
2020-01-09 12:00:50.390  INFO 8862 --- [DiscoveryClient-CacheRefreshExecutor-0] com.netflix.discovery.DiscoveryClient    : Application version is -1: false
2020-01-09 12:00:50.390  INFO 8862 --- [DiscoveryClient-CacheRefreshExecutor-0] com.netflix.discovery.DiscoveryClient    : Getting all instance registry info from the eureka server
2020-01-09 12:00:50.412  INFO 8862 --- [DiscoveryClient-CacheRefreshExecutor-0] com.netflix.discovery.DiscoveryClient    : The response status is 200
2020-01-09 12:05:20.334  INFO 8862 --- [AsyncResolver-bootstrap-executor-0] c.n.d.s.r.aws.ConfigClusterResolver      : Resolving eureka endpoints via configuration
2020-01-09 12:10:18.077  INFO 8862 --- [RMI TCP Connection(16)-127.0.0.1] inMXBeanRegistrar$SpringApplicationAdmin : Application shutdown requested.
2020-01-09 12:10:18.097  INFO 8862 --- [RMI TCP Connection(16)-127.0.0.1] o.s.c.n.e.s.EurekaServiceRegistry        : Unregistering application NOTE-SERVICE with eureka with status DOWN
2020-01-09 12:10:18.097  WARN 8862 --- [RMI TCP Connection(16)-127.0.0.1] com.netflix.discovery.DiscoveryClient    : Saw local status change event StatusChangeEvent [timestamp=1578552018097, current=DOWN, previous=UP]
2020-01-09 12:10:18.097  INFO 8862 --- [DiscoveryClient-InstanceInfoReplicator-0] com.netflix.discovery.DiscoveryClient    : DiscoveryClient_NOTE-SERVICE/localhost:note-service:8082: registering service...
2020-01-09 12:10:18.104  INFO 8862 --- [DiscoveryClient-InstanceInfoReplicator-0] com.netflix.discovery.DiscoveryClient    : DiscoveryClient_NOTE-SERVICE/localhost:note-service:8082 - registration status: 204
2020-01-09 12:10:18.174  INFO 8862 --- [RMI TCP Connection(16)-127.0.0.1] o.s.s.concurrent.ThreadPoolTaskExecutor  : Shutting down ExecutorService 'applicationTaskExecutor'
2020-01-09 12:10:18.202  WARN 8862 --- [RMI TCP Connection(16)-127.0.0.1] c.n.c.sources.URLConfigurationSource     : No URLs will be polled as dynamic configuration sources.
2020-01-09 12:10:18.202  INFO 8862 --- [RMI TCP Connection(16)-127.0.0.1] c.n.c.sources.URLConfigurationSource     : To enable URLs as dynamic configuration sources, define System property archaius.configurationSource.additionalUrls or make config.properties available on classpath.
2020-01-09 12:10:18.208  INFO 8862 --- [RMI TCP Connection(16)-127.0.0.1] j.LocalContainerEntityManagerFactoryBean : Closing JPA EntityManagerFactory for persistence unit 'default'
2020-01-09 12:10:18.402  INFO 8862 --- [RMI TCP Connection(16)-127.0.0.1] com.netflix.discovery.DiscoveryClient    : Shutting down DiscoveryClient ...
2020-01-09 12:10:20.367  INFO 8862 --- [AsyncResolver-bootstrap-executor-0] c.n.d.s.r.aws.ConfigClusterResolver      : Resolving eureka endpoints via configuration
2020-01-09 12:10:21.402  INFO 8862 --- [RMI TCP Connection(16)-127.0.0.1] com.netflix.discovery.DiscoveryClient    : Unregistering ...
2020-01-09 12:10:21.409  INFO 8862 --- [RMI TCP Connection(16)-127.0.0.1] com.netflix.discovery.DiscoveryClient    : DiscoveryClient_NOTE-SERVICE/localhost:note-service:8082 - deregister  status: 200
2020-01-09 12:10:21.417  WARN 8862 --- [DiscoveryClient-0] c.netflix.discovery.TimedSupervisorTask  : task supervisor shutting down, can't accept the task
2020-01-09 12:10:21.423  INFO 8862 --- [RMI TCP Connection(16)-127.0.0.1] com.netflix.discovery.DiscoveryClient    : Completed shut down of DiscoveryClient
2020-01-09 12:10:21.424  INFO 8862 --- [RMI TCP Connection(16)-127.0.0.1] com.zaxxer.hikari.HikariDataSource       : HikariPool-1 - Shutdown initiated...
2020-01-09 12:10:21.440  INFO 8862 --- [RMI TCP Connection(16)-127.0.0.1] com.zaxxer.hikari.HikariDataSource       : HikariPool-1 - Shutdown completed.
